<?xml version="1.0" encoding="UTF-8"?>
<robot generator="Robot 6.0.2 (Python 3.11.2 on win32)" generated="20230530 10:45:42.124" rpa="false" schemaversion="3">
<suite id="s1" name="singleScreenshot" source="C:\Users\AarniSeppänen\Documents\GitHub\web-bookmarks\client\robots\singleScreenshot.robot">
<test id="s1-t1" name="Take Single" line="12">
<kw name="Set Variable" library="BuiltIn">
<var>${filename}</var>
<arg>${url.split('//')[1].replace('www.', '').split('.')[0]}</arg>
<doc>Returns the given values which can then be assigned to a variables.</doc>
<msg timestamp="20230530 10:45:42.345" level="INFO">${filename} = translate</msg>
<status status="PASS" starttime="20230530 10:45:42.345" endtime="20230530 10:45:42.345"/>
</kw>
<kw name="Run Keyword And Ignore Error" library="BuiltIn">
<arg>Take Screenshot</arg>
<arg>${url}</arg>
<arg>${filename}</arg>
<doc>Runs the given keyword with the given arguments and ignores possible error.</doc>
<kw name="Take Screenshot" library="takeScreenshot">
<arg>${url}</arg>
<arg>${filename}</arg>
<kw name="Set Variable" library="BuiltIn">
<var>${image_name}</var>
<arg>screenshots/${filename}.png</arg>
<doc>Returns the given values which can then be assigned to a variables.</doc>
<msg timestamp="20230530 10:45:42.346" level="INFO">${image_name} = screenshots/translate.png</msg>
<status status="PASS" starttime="20230530 10:45:42.346" endtime="20230530 10:45:42.346"/>
</kw>
<kw name="Open Browser" library="SeleniumLibrary">
<arg>${url}</arg>
<arg>${BROWSER}</arg>
<doc>Opens a new browser instance to the optional ``url``.</doc>
<msg timestamp="20230530 10:45:42.346" level="INFO">Opening browser 'chrome' to base url 'https://translate.google.com/'.</msg>
<status status="PASS" starttime="20230530 10:45:42.346" endtime="20230530 10:45:47.575"/>
</kw>
<kw name="Maximize Browser Window" library="SeleniumLibrary">
<doc>Maximizes current browser window.</doc>
<status status="PASS" starttime="20230530 10:45:47.575" endtime="20230530 10:45:47.689"/>
</kw>
<kw name="Sleep" library="BuiltIn">
<arg>${DELAY}</arg>
<doc>Pauses the test executed for the given time.</doc>
<msg timestamp="20230530 10:45:50.690" level="INFO">Slept 3 seconds</msg>
<status status="PASS" starttime="20230530 10:45:47.689" endtime="20230530 10:45:50.690"/>
</kw>
<kw name="Capture Page Screenshot" library="SeleniumLibrary">
<arg>${image_name}</arg>
<doc>Takes a screenshot of the current page and embeds it into a log file.</doc>
<msg timestamp="20230530 10:45:51.225" level="INFO" html="true">&lt;/td&gt;&lt;/tr&gt;&lt;tr&gt;&lt;td colspan="3"&gt;&lt;a href="screenshots/translate.png"&gt;&lt;img src="screenshots/translate.png" width="800px"&gt;&lt;/a&gt;</msg>
<status status="PASS" starttime="20230530 10:45:50.690" endtime="20230530 10:45:51.225"/>
</kw>
<kw name="Close Browser" library="SeleniumLibrary">
<doc>Closes the current browser.</doc>
<status status="PASS" starttime="20230530 10:45:51.225" endtime="20230530 10:45:53.324"/>
</kw>
<status status="PASS" starttime="20230530 10:45:42.345" endtime="20230530 10:45:53.324"/>
</kw>
<status status="PASS" starttime="20230530 10:45:42.345" endtime="20230530 10:45:53.324"/>
</kw>
<status status="PASS" starttime="20230530 10:45:42.344" endtime="20230530 10:45:53.324"/>
</test>
<status status="PASS" starttime="20230530 10:45:42.125" endtime="20230530 10:45:53.325"/>
</suite>
<statistics>
<total>
<stat pass="1" fail="0" skip="0">All Tests</stat>
</total>
<tag>
</tag>
<suite>
<stat pass="1" fail="0" skip="0" id="s1" name="singleScreenshot">singleScreenshot</stat>
</suite>
</statistics>
<errors>
</errors>
</robot>
